04-06-2018 10:07:03 INFO  Log:14 Log - Mensagem processada
04-06-2018 10:07:03 INFO  Log:14 Log - Nome do usuário: Magão
04-06-2018 10:07:03 INFO  Log:14 Log - Mensagem: /start
04-06-2018 10:07:03 INFO  Log:14 Log - ChatID: 173375027
04-06-2018 10:08:33 INFO  Log:14 Log - Mensagem processada
04-06-2018 10:08:33 INFO  Log:14 Log - Nome do usuário: Magão
04-06-2018 10:08:33 INFO  Log:14 Log - Mensagem: /start
04-06-2018 10:08:33 INFO  Log:14 Log - ChatID: 173375027
04-06-2018 10:08:41 INFO  Log:14 Log - Mensagem processada
04-06-2018 10:08:41 INFO  Log:14 Log - Nome do usuário: Magão
04-06-2018 10:08:41 INFO  Log:14 Log - Mensagem: Relatório de requisições
04-06-2018 10:08:41 INFO  Log:14 Log - ChatID: 173375027
04-06-2018 10:08:51 INFO  Log:14 Log - Mensagem processada
04-06-2018 10:08:51 INFO  Log:14 Log - Nome do usuário: Magão
04-06-2018 10:08:51 INFO  Log:14 Log - Mensagem: Mediana
04-06-2018 10:08:51 INFO  Log:14 Log - ChatID: 173375027
04-06-2018 10:08:56 INFO  Log:14 Log - Mensagem processada
04-06-2018 10:08:56 INFO  Log:14 Log - Nome do usuário: Magão
04-06-2018 10:08:56 INFO  Log:14 Log - Mensagem: 3;9;6;8;5;6
04-06-2018 10:08:56 INFO  Log:14 Log - ChatID: 173375027
04-06-2018 10:09:11 INFO  Log:14 Log - Dados armazenados no banco: 
04-06-2018 10:09:11 INFO  Log:14 Log - Tipo: mediana
04-06-2018 10:09:11 INFO  Log:14 Log - ChatID: 173375027
04-06-2018 10:09:11 INFO  Log:14 Log - Valores: [3.0, 9.0, 6.0, 8.0, 5.0, 6.0]
04-06-2018 10:09:20 INFO  Log:14 Log - Mensagem processada
04-06-2018 10:09:20 INFO  Log:14 Log - Nome do usuário: Magão
04-06-2018 10:09:20 INFO  Log:14 Log - Mensagem: Relatório de requisições
04-06-2018 10:09:20 INFO  Log:14 Log - ChatID: 173375027
